2012-10-11 10:29:06,899 ERROR main jboss.cache.transaction.DummyTransactionManager - T[] P[] - binding of DummyTransactionManager failed
javax.naming.OperationNotSupportedException: Context is read-only
	at com.cubeia.firebase.api.jndi.java.JavaContext.bind(JavaContext.java:72)
	at javax.naming.InitialContext.bind(InitialContext.java:419)
	at org.jboss.cache.transaction.DummyTransactionManager.getInstance(DummyTransactionManager.java:40)
	at org.jboss.cache.transaction.GenericTransactionManagerLookup.getTransactionManager(GenericTransactionManagerLookup.java:92)
	at org.jboss.cache.factories.TransactionManagerFactory.construct(TransactionManagerFactory.java:48)
	at org.jboss.cache.factories.ComponentRegistry.getOrCreateComponent(ComponentRegistry.java:284)
	at org.jboss.cache.factories.ComponentRegistry.invokeInjectionMethod(ComponentRegistry.java:245)
	at org.jboss.cache.factories.ComponentRegistry$Component.injectDependencies(ComponentRegistry.java:911)
	at org.jboss.cache.factories.ComponentRegistry.registerComponent(ComponentRegistry.java:221)
	at org.jboss.cache.factories.ComponentRegistry.getOrCreateComponent(ComponentRegistry.java:291)
	at org.jboss.cache.factories.ComponentRegistry.invokeInjectionMethod(ComponentRegistry.java:245)
	at org.jboss.cache.factories.ComponentRegistry$Component.injectDependencies(ComponentRegistry.java:911)
	at org.jboss.cache.factories.ComponentRegistry.registerComponent(ComponentRegistry.java:221)
	at org.jboss.cache.factories.InterceptorChainFactory.createInterceptor(InterceptorChainFactory.java:41)
	at org.jboss.cache.factories.InterceptorChainFactory.buildInterceptorChain(InterceptorChainFactory.java:56)
	at org.jboss.cache.factories.InterceptorChainFactory.construct(InterceptorChainFactory.java:132)
	at org.jboss.cache.factories.ComponentRegistry.getOrCreateComponent(ComponentRegistry.java:284)
	at org.jboss.cache.factories.ComponentRegistry.invokeInjectionMethod(ComponentRegistry.java:245)
	at org.jboss.cache.factories.ComponentRegistry$Component.injectDependencies(ComponentRegistry.java:911)
	at org.jboss.cache.factories.ComponentRegistry.registerComponent(ComponentRegistry.java:221)
	at org.jboss.cache.DefaultCacheFactory.bootstrap(DefaultCacheFactory.java:129)
	at org.jboss.cache.DefaultCacheFactory.createAndWire(DefaultCacheFactory.java:115)
	at org.jboss.cache.DefaultCacheFactory.createCache(DefaultCacheFactory.java:94)
	at org.jboss.cache.DefaultCacheFactory.createCache(DefaultCacheFactory.java:153)
	at com.cubeia.firebase.server.service.systemstate.cache.SystemStateCacheHandler.createCache(SystemStateCacheHandler.java:190)
	at com.cubeia.firebase.server.service.systemstate.cache.SystemStateCacheHandler.start(SystemStateCacheHandler.java:168)
	at com.cubeia.firebase.server.service.systemstate.cache.AbstractSystemStateService.start(AbstractSystemStateService.java:51)
	at sun.reflect.NativeMethodAccessorImpl.invoke0(Native Method)
	at sun.reflect.NativeMethodAccessorImpl.invoke(NativeMethodAccessorImpl.java:57)
	at sun.reflect.DelegatingMethodAccessorImpl.invoke(DelegatingMethodAccessorImpl.java:43)
	at java.lang.reflect.Method.invoke(Method.java:601)
	at com.cubeia.firebase.server.util.InvocationHandlerAdapter.invoke(InvocationHandlerAdapter.java:46)
	at com.cubeia.firebase.server.util.InvocationHandlerAdapter.invoke(InvocationHandlerAdapter.java:44)
	at com.cubeia.firebase.server.util.ContextClassLoaderInvocationHandler.access$001(ContextClassLoaderInvocationHandler.java:31)
	at com.cubeia.firebase.server.util.ContextClassLoaderInvocationHandler$1.invoke(ContextClassLoaderInvocationHandler.java:46)
	at com.cubeia.firebase.util.Classes.switchContextClassLoaderForInvocation(Classes.java:55)
	at com.cubeia.firebase.server.util.ContextClassLoaderInvocationHandler.invoke(ContextClassLoaderInvocationHandler.java:42)
	at com.cubeia.firebase.server.util.InvocationHandlerAdapter.invoke(InvocationHandlerAdapter.java:44)
	at com.cubeia.firebase.server.util.JndiWrappingInvocationHandler.access$001(JndiWrappingInvocationHandler.java:31)
	at com.cubeia.firebase.server.util.JndiWrappingInvocationHandler$1.invoke(JndiWrappingInvocationHandler.java:45)
	at com.cubeia.firebase.service.jndi.impl.JndiContext.wrapWithJndi(JndiContext.java:157)
	at com.cubeia.firebase.service.jndi.impl.JndiContext.invokeWithJndi(JndiContext.java:76)
	at com.cubeia.firebase.service.jndi.impl.ServiceImpl.wrapInvocation(ServiceImpl.java:74)
	at sun.reflect.NativeMethodAccessorImpl.invoke0(Native Method)
	at sun.reflect.NativeMethodAccessorImpl.invoke(NativeMethodAccessorImpl.java:57)
	at sun.reflect.DelegatingMethodAccessorImpl.invoke(DelegatingMethodAccessorImpl.java:43)
	at java.lang.reflect.Method.invoke(Method.java:601)
	at com.cubeia.firebase.server.util.InvocationHandlerAdapter.invoke(InvocationHandlerAdapter.java:46)
	at com.cubeia.firebase.server.util.InvocationHandlerAdapter.invoke(InvocationHandlerAdapter.java:44)
	at com.cubeia.firebase.server.util.ContextClassLoaderInvocationHandler.access$001(ContextClassLoaderInvocationHandler.java:31)
	at com.cubeia.firebase.server.util.ContextClassLoaderInvocationHandler$1.invoke(ContextClassLoaderInvocationHandler.java:46)
	at com.cubeia.firebase.util.Classes.switchContextClassLoaderForInvocation(Classes.java:55)
	at com.cubeia.firebase.server.util.ContextClassLoaderInvocationHandler.invoke(ContextClassLoaderInvocationHandler.java:42)
	at $Proxy34.wrapInvocation(Unknown Source)
	at com.cubeia.firebase.server.service.ServiceRegisytryHandle$2.wrapInvocation(ServiceRegisytryHandle.java:270)
	at com.cubeia.firebase.server.util.JndiWrappingInvocationHandler.invoke(JndiWrappingInvocationHandler.java:42)
	at $Proxy16.start(Unknown Source)
	at com.cubeia.firebase.server.service.ServiceRegisytryHandle.tryStart(ServiceRegisytryHandle.java:184)
	at com.cubeia.firebase.server.service.ServiceRegisytryHandle.getContract(ServiceRegisytryHandle.java:165)
	at com.cubeia.firebase.server.service.DefaultServiceRegistry.getServiceInstance(DefaultServiceRegistry.java:268)
	at com.cubeia.firebase.server.service.DefaultServiceRegistry.getServiceInstance(DefaultServiceRegistry.java:255)
	at sun.reflect.NativeMethodAccessorImpl.invoke0(Native Method)
	at sun.reflect.NativeMethodAccessorImpl.invoke(NativeMethodAccessorImpl.java:57)
	at sun.reflect.DelegatingMethodAccessorImpl.invoke(DelegatingMethodAccessorImpl.java:43)
	at java.lang.reflect.Method.invoke(Method.java:601)
	at com.cubeia.firebase.server.util.InvocationHandlerAdapter.invoke(InvocationHandlerAdapter.java:46)
	at com.cubeia.firebase.server.util.InvocationHandlerAdapter.invoke(InvocationHandlerAdapter.java:44)
	at com.cubeia.firebase.server.util.ContextClassLoaderInvocationHandler.access$001(ContextClassLoaderInvocationHandler.java:31)
	at com.cubeia.firebase.server.util.ContextClassLoaderInvocationHandler$1.invoke(ContextClassLoaderInvocationHandler.java:46)
	at com.cubeia.firebase.util.Classes.switchContextClassLoaderForInvocation(Classes.java:55)
	at com.cubeia.firebase.server.util.ContextClassLoaderInvocationHandler.invoke(ContextClassLoaderInvocationHandler.java:42)
	at $Proxy23.getServiceInstance(Unknown Source)
	at com.cubeia.firebase.service.chat.local.LocalChat.init(LocalChat.java:79)
	at com.cubeia.firebase.service.chat.local.LocalChat.init(LocalChat.java:50)
	at sun.reflect.NativeMethodAccessorImpl.invoke0(Native Method)
	at sun.reflect.NativeMethodAccessorImpl.invoke(NativeMethodAccessorImpl.java:57)
	at sun.reflect.DelegatingMethodAccessorImpl.invoke(DelegatingMethodAccessorImpl.java:43)
	at java.lang.reflect.Method.invoke(Method.java:601)
	at com.cubeia.firebase.server.util.InvocationHandlerAdapter.invoke(InvocationHandlerAdapter.java:46)
	at com.cubeia.firebase.server.util.InvocationHandlerAdapter.invoke(InvocationHandlerAdapter.java:44)
	at com.cubeia.firebase.server.util.ContextClassLoaderInvocationHandler.access$001(ContextClassLoaderInvocationHandler.java:31)
	at com.cubeia.firebase.server.util.ContextClassLoaderInvocationHandler$1.invoke(ContextClassLoaderInvocationHandler.java:46)
	at com.cubeia.firebase.util.Classes.switchContextClassLoaderForInvocation(Classes.java:55)
	at com.cubeia.firebase.server.util.ContextClassLoaderInvocationHandler.invoke(ContextClassLoaderInvocationHandler.java:42)
	at com.cubeia.firebase.server.util.InvocationHandlerAdapter.invoke(InvocationHandlerAdapter.java:44)
	at com.cubeia.firebase.server.util.JndiWrappingInvocationHandler.access$001(JndiWrappingInvocationHandler.java:31)
	at com.cubeia.firebase.server.util.JndiWrappingInvocationHandler$1.invoke(JndiWrappingInvocationHandler.java:45)
	at com.cubeia.firebase.service.jndi.impl.JndiContext.wrapWithJndi(JndiContext.java:157)
	at com.cubeia.firebase.service.jndi.impl.JndiContext.invokeWithJndi(JndiContext.java:76)
	at com.cubeia.firebase.service.jndi.impl.ServiceImpl.wrapInvocation(ServiceImpl.java:74)
	at sun.reflect.NativeMethodAccessorImpl.invoke0(Native Method)
	at sun.reflect.NativeMethodAccessorImpl.invoke(NativeMethodAccessorImpl.java:57)
	at sun.reflect.DelegatingMethodAccessorImpl.invoke(DelegatingMethodAccessorImpl.java:43)
	at java.lang.reflect.Method.invoke(Method.java:601)
	at com.cubeia.firebase.server.util.InvocationHandlerAdapter.invoke(InvocationHandlerAdapter.java:46)
	at com.cubeia.firebase.server.util.InvocationHandlerAdapter.invoke(InvocationHandlerAdapter.java:44)
	at com.cubeia.firebase.server.util.ContextClassLoaderInvocationHandler.access$001(ContextClassLoaderInvocationHandler.java:31)
	at com.cubeia.firebase.server.util.ContextClassLoaderInvocationHandler$1.invoke(ContextClassLoaderInvocationHandler.java:46)
	at com.cubeia.firebase.util.Classes.switchContextClassLoaderForInvocation(Classes.java:55)
	at com.cubeia.firebase.server.util.ContextClassLoaderInvocationHandler.invoke(ContextClassLoaderInvocationHandler.java:42)
	at $Proxy34.wrapInvocation(Unknown Source)
	at com.cubeia.firebase.server.service.ServiceRegisytryHandle$2.wrapInvocation(ServiceRegisytryHandle.java:270)
	at com.cubeia.firebase.server.util.JndiWrappingInvocationHandler.invoke(JndiWrappingInvocationHandler.java:42)
	at $Proxy16.init(Unknown Source)
	at com.cubeia.firebase.server.service.ServiceRegisytryHandle.initService(ServiceRegisytryHandle.java:197)
	at com.cubeia.firebase.server.service.ServiceRegisytryHandle.init(ServiceRegisytryHandle.java:131)
	at com.cubeia.firebase.server.service.DefaultServiceRegistry.initSelectedServices(DefaultServiceRegistry.java:714)
	at com.cubeia.firebase.server.service.DefaultServiceRegistry.initTrustedServices(DefaultServiceRegistry.java:692)
	at com.cubeia.firebase.server.service.DefaultServiceRegistry.initServices(DefaultServiceRegistry.java:687)
	at com.cubeia.firebase.server.service.DefaultServiceRegistry.doInit(DefaultServiceRegistry.java:484)
	at com.cubeia.firebase.server.service.DefaultServiceRegistry.init(DefaultServiceRegistry.java:118)
	at com.cubeia.firebase.server.instance.ServerInstance.initAndStartRegistry(ServerInstance.java:743)
	at com.cubeia.firebase.server.instance.ServerInstance.initServices(ServerInstance.java:676)
	at com.cubeia.firebase.server.instance.ServerInstance.init(ServerInstance.java:259)
	at sun.reflect.NativeMethodAccessorImpl.invoke0(Native Method)
	at sun.reflect.NativeMethodAccessorImpl.invoke(NativeMethodAccessorImpl.java:57)
	at sun.reflect.DelegatingMethodAccessorImpl.invoke(DelegatingMethodAccessorImpl.java:43)
	at java.lang.reflect.Method.invoke(Method.java:601)
	at com.game.server.bootstrap.Server.initServer(Server.java:493)
	at com.game.server.bootstrap.Server.start(Server.java:166)
	at com.game.server.bootstrap.Server.init(Server.java:148)
	at com.game.server.bootstrap.Server.main(Server.java:102)
	at sun.reflect.NativeMethodAccessorImpl.invoke0(Native Method)
	at sun.reflect.NativeMethodAccessorImpl.invoke(NativeMethodAccessorImpl.java:57)
	at sun.reflect.DelegatingMethodAccessorImpl.invoke(DelegatingMethodAccessorImpl.java:43)
	at java.lang.reflect.Method.invoke(Method.java:601)
	at com.cubeia.maven.plugin.firebase.FirebaseRunPlugin.doLaunch(FirebaseRunPlugin.java:191)
	at com.cubeia.maven.plugin.firebase.FirebaseRunPlugin.execute(FirebaseRunPlugin.java:181)
	at org.apache.maven.plugin.DefaultBuildPluginManager.executeMojo(DefaultBuildPluginManager.java:101)
	at org.apache.maven.lifecycle.internal.MojoExecutor.execute(MojoExecutor.java:209)
	at org.apache.maven.lifecycle.internal.MojoExecutor.execute(MojoExecutor.java:153)
	at org.apache.maven.lifecycle.internal.MojoExecutor.execute(MojoExecutor.java:145)
	at org.apache.maven.lifecycle.internal.LifecycleModuleBuilder.buildProject(LifecycleModuleBuilder.java:84)
	at org.apache.maven.lifecycle.internal.LifecycleModuleBuilder.buildProject(LifecycleModuleBuilder.java:59)
	at org.apache.maven.lifecycle.internal.LifecycleStarter.singleThreadedBuild(LifecycleStarter.java:183)
	at org.apache.maven.lifecycle.internal.LifecycleStarter.execute(LifecycleStarter.java:161)
	at org.apache.maven.DefaultMaven.doExecute(DefaultMaven.java:320)
	at org.apache.maven.DefaultMaven.execute(DefaultMaven.java:156)
	at org.apache.maven.cli.MavenCli.execute(MavenCli.java:537)
	at org.apache.maven.cli.MavenCli.doMain(MavenCli.java:196)
	at org.apache.maven.cli.MavenCli.main(MavenCli.java:141)
	at sun.reflect.NativeMethodAccessorImpl.invoke0(Native Method)
	at sun.reflect.NativeMethodAccessorImpl.invoke(NativeMethodAccessorImpl.java:57)
	at sun.reflect.DelegatingMethodAccessorImpl.invoke(DelegatingMethodAccessorImpl.java:43)
	at java.lang.reflect.Method.invoke(Method.java:601)
	at org.codehaus.plexus.classworlds.launcher.Launcher.launchEnhanced(Launcher.java:290)
	at org.codehaus.plexus.classworlds.launcher.Launcher.launch(Launcher.java:230)
	at org.codehaus.plexus.classworlds.launcher.Launcher.mainWithExitCode(Launcher.java:409)
	at org.codehaus.plexus.classworlds.launcher.Launcher.main(Launcher.java:352)
