2012-11-05 09:46:03,691 ERROR main jboss.cache.transaction.DummyTransactionManager - T[] P[] - binding of DummyTransactionManager failed
javax.naming.OperationNotSupportedException: Context is read-only
	at com.cubeia.firebase.api.jndi.java.JavaContext.bind(JavaContext.java:72)
	at javax.naming.InitialContext.bind(Unknown Source)
	at org.jboss.cache.transaction.DummyTransactionManager.getInstance(DummyTransactionManager.java:40)
	at org.jboss.cache.transaction.GenericTransactionManagerLookup.getTransactionManager(GenericTransactionManagerLookup.java:92)
	at org.jboss.cache.factories.TransactionManagerFactory.construct(TransactionManagerFactory.java:48)
	at org.jboss.cache.factories.ComponentRegistry.getOrCreateComponent(ComponentRegistry.java:284)
	at org.jboss.cache.factories.ComponentRegistry.invokeInjectionMethod(ComponentRegistry.java:245)
	at org.jboss.cache.factories.ComponentRegistry$Component.injectDependencies(ComponentRegistry.java:911)
	at org.jboss.cache.factories.ComponentRegistry.registerComponent(ComponentRegistry.java:221)
	at org.jboss.cache.factories.ComponentRegistry.getOrCreateComponent(ComponentRegistry.java:291)
	at org.jboss.cache.factories.ComponentRegistry.invokeInjectionMethod(ComponentRegistry.java:245)
	at org.jboss.cache.factories.ComponentRegistry$Component.injectDependencies(ComponentRegistry.java:911)
	at org.jboss.cache.factories.ComponentRegistry.registerComponent(ComponentRegistry.java:221)
	at org.jboss.cache.factories.InterceptorChainFactory.createInterceptor(InterceptorChainFactory.java:41)
	at org.jboss.cache.factories.InterceptorChainFactory.buildInterceptorChain(InterceptorChainFactory.java:56)
	at org.jboss.cache.factories.InterceptorChainFactory.construct(InterceptorChainFactory.java:132)
	at org.jboss.cache.factories.ComponentRegistry.getOrCreateComponent(ComponentRegistry.java:284)
	at org.jboss.cache.factories.ComponentRegistry.invokeInjectionMethod(ComponentRegistry.java:245)
	at org.jboss.cache.factories.ComponentRegistry$Component.injectDependencies(ComponentRegistry.java:911)
	at org.jboss.cache.factories.ComponentRegistry.registerComponent(ComponentRegistry.java:221)
	at org.jboss.cache.DefaultCacheFactory.bootstrap(DefaultCacheFactory.java:129)
	at org.jboss.cache.DefaultCacheFactory.createAndWire(DefaultCacheFactory.java:115)
	at org.jboss.cache.DefaultCacheFactory.createCache(DefaultCacheFactory.java:94)
	at org.jboss.cache.DefaultCacheFactory.createCache(DefaultCacheFactory.java:153)
	at com.cubeia.firebase.server.service.systemstate.cache.SystemStateCacheHandler.createCache(SystemStateCacheHandler.java:190)
	at com.cubeia.firebase.server.service.systemstate.cache.SystemStateCacheHandler.start(SystemStateCacheHandler.java:168)
	at com.cubeia.firebase.server.service.systemstate.cache.AbstractSystemStateService.start(AbstractSystemStateService.java:51)
	at sun.reflect.NativeMethodAccessorImpl.invoke0(Native Method)
	at sun.reflect.NativeMethodAccessorImpl.invoke(Unknown Source)
	at sun.reflect.DelegatingMethodAccessorImpl.invoke(Unknown Source)
	at java.lang.reflect.Method.invoke(Unknown Source)
	at com.cubeia.firebase.server.util.InvocationHandlerAdapter.invoke(InvocationHandlerAdapter.java:46)
	at com.cubeia.firebase.server.util.InvocationHandlerAdapter.invoke(InvocationHandlerAdapter.java:44)
	at com.cubeia.firebase.server.util.ContextClassLoaderInvocationHandler.access$001(ContextClassLoaderInvocationHandler.java:31)
	at com.cubeia.firebase.server.util.ContextClassLoaderInvocationHandler$1.invoke(ContextClassLoaderInvocationHandler.java:46)
	at com.cubeia.firebase.util.Classes.switchContextClassLoaderForInvocation(Classes.java:55)
	at com.cubeia.firebase.server.util.ContextClassLoaderInvocationHandler.invoke(ContextClassLoaderInvocationHandler.java:42)
	at com.cubeia.firebase.server.util.InvocationHandlerAdapter.invoke(InvocationHandlerAdapter.java:44)
	at com.cubeia.firebase.server.util.JndiWrappingInvocationHandler.access$001(JndiWrappingInvocationHandler.java:31)
	at com.cubeia.firebase.server.util.JndiWrappingInvocationHandler$1.invoke(JndiWrappingInvocationHandler.java:45)
	at com.cubeia.firebase.service.jndi.impl.JndiContext.wrapWithJndi(JndiContext.java:157)
	at com.cubeia.firebase.service.jndi.impl.JndiContext.invokeWithJndi(JndiContext.java:76)
	at com.cubeia.firebase.service.jndi.impl.ServiceImpl.wrapInvocation(ServiceImpl.java:74)
	at sun.reflect.NativeMethodAccessorImpl.invoke0(Native Method)
	at sun.reflect.NativeMethodAccessorImpl.invoke(Unknown Source)
	at sun.reflect.DelegatingMethodAccessorImpl.invoke(Unknown Source)
	at java.lang.reflect.Method.invoke(Unknown Source)
	at com.cubeia.firebase.server.util.InvocationHandlerAdapter.invoke(InvocationHandlerAdapter.java:46)
	at com.cubeia.firebase.server.util.InvocationHandlerAdapter.invoke(InvocationHandlerAdapter.java:44)
	at com.cubeia.firebase.server.util.ContextClassLoaderInvocationHandler.access$001(ContextClassLoaderInvocationHandler.java:31)
	at com.cubeia.firebase.server.util.ContextClassLoaderInvocationHandler$1.invoke(ContextClassLoaderInvocationHandler.java:46)
	at com.cubeia.firebase.util.Classes.switchContextClassLoaderForInvocation(Classes.java:55)
	at com.cubeia.firebase.server.util.ContextClassLoaderInvocationHandler.invoke(ContextClassLoaderInvocationHandler.java:42)
	at $Proxy20.wrapInvocation(Unknown Source)
	at com.cubeia.firebase.server.service.ServiceRegisytryHandle$2.wrapInvocation(ServiceRegisytryHandle.java:270)
	at com.cubeia.firebase.server.util.JndiWrappingInvocationHandler.invoke(JndiWrappingInvocationHandler.java:42)
	at $Proxy0.start(Unknown Source)
	at com.cubeia.firebase.server.service.ServiceRegisytryHandle.tryStart(ServiceRegisytryHandle.java:184)
	at com.cubeia.firebase.server.service.ServiceRegisytryHandle.getContract(ServiceRegisytryHandle.java:165)
	at com.cubeia.firebase.server.service.DefaultServiceRegistry.getServiceInstance(DefaultServiceRegistry.java:268)
	at com.cubeia.firebase.server.service.DefaultServiceRegistry.getServiceInstance(DefaultServiceRegistry.java:255)
	at sun.reflect.NativeMethodAccessorImpl.invoke0(Native Method)
	at sun.reflect.NativeMethodAccessorImpl.invoke(Unknown Source)
	at sun.reflect.DelegatingMethodAccessorImpl.invoke(Unknown Source)
	at java.lang.reflect.Method.invoke(Unknown Source)
	at com.cubeia.firebase.server.util.InvocationHandlerAdapter.invoke(InvocationHandlerAdapter.java:46)
	at com.cubeia.firebase.server.util.InvocationHandlerAdapter.invoke(InvocationHandlerAdapter.java:44)
	at com.cubeia.firebase.server.util.ContextClassLoaderInvocationHandler.access$001(ContextClassLoaderInvocationHandler.java:31)
	at com.cubeia.firebase.server.util.ContextClassLoaderInvocationHandler$1.invoke(ContextClassLoaderInvocationHandler.java:46)
	at com.cubeia.firebase.util.Classes.switchContextClassLoaderForInvocation(Classes.java:55)
	at com.cubeia.firebase.server.util.ContextClassLoaderInvocationHandler.invoke(ContextClassLoaderInvocationHandler.java:42)
	at $Proxy9.getServiceInstance(Unknown Source)
	at com.cubeia.firebase.service.chat.local.LocalChat.init(LocalChat.java:79)
	at com.cubeia.firebase.service.chat.local.LocalChat.init(LocalChat.java:50)
	at sun.reflect.NativeMethodAccessorImpl.invoke0(Native Method)
	at sun.reflect.NativeMethodAccessorImpl.invoke(Unknown Source)
	at sun.reflect.DelegatingMethodAccessorImpl.invoke(Unknown Source)
	at java.lang.reflect.Method.invoke(Unknown Source)
	at com.cubeia.firebase.server.util.InvocationHandlerAdapter.invoke(InvocationHandlerAdapter.java:46)
	at com.cubeia.firebase.server.util.InvocationHandlerAdapter.invoke(InvocationHandlerAdapter.java:44)
	at com.cubeia.firebase.server.util.ContextClassLoaderInvocationHandler.access$001(ContextClassLoaderInvocationHandler.java:31)
	at com.cubeia.firebase.server.util.ContextClassLoaderInvocationHandler$1.invoke(ContextClassLoaderInvocationHandler.java:46)
	at com.cubeia.firebase.util.Classes.switchContextClassLoaderForInvocation(Classes.java:55)
	at com.cubeia.firebase.server.util.ContextClassLoaderInvocationHandler.invoke(ContextClassLoaderInvocationHandler.java:42)
	at com.cubeia.firebase.server.util.InvocationHandlerAdapter.invoke(InvocationHandlerAdapter.java:44)
	at com.cubeia.firebase.server.util.JndiWrappingInvocationHandler.access$001(JndiWrappingInvocationHandler.java:31)
	at com.cubeia.firebase.server.util.JndiWrappingInvocationHandler$1.invoke(JndiWrappingInvocationHandler.java:45)
	at com.cubeia.firebase.service.jndi.impl.JndiContext.wrapWithJndi(JndiContext.java:157)
	at com.cubeia.firebase.service.jndi.impl.JndiContext.invokeWithJndi(JndiContext.java:76)
	at com.cubeia.firebase.service.jndi.impl.ServiceImpl.wrapInvocation(ServiceImpl.java:74)
	at sun.reflect.NativeMethodAccessorImpl.invoke0(Native Method)
	at sun.reflect.NativeMethodAccessorImpl.invoke(Unknown Source)
	at sun.reflect.DelegatingMethodAccessorImpl.invoke(Unknown Source)
	at java.lang.reflect.Method.invoke(Unknown Source)
	at com.cubeia.firebase.server.util.InvocationHandlerAdapter.invoke(InvocationHandlerAdapter.java:46)
	at com.cubeia.firebase.server.util.InvocationHandlerAdapter.invoke(InvocationHandlerAdapter.java:44)
	at com.cubeia.firebase.server.util.ContextClassLoaderInvocationHandler.access$001(ContextClassLoaderInvocationHandler.java:31)
	at com.cubeia.firebase.server.util.ContextClassLoaderInvocationHandler$1.invoke(ContextClassLoaderInvocationHandler.java:46)
	at com.cubeia.firebase.util.Classes.switchContextClassLoaderForInvocation(Classes.java:55)
	at com.cubeia.firebase.server.util.ContextClassLoaderInvocationHandler.invoke(ContextClassLoaderInvocationHandler.java:42)
	at $Proxy20.wrapInvocation(Unknown Source)
	at com.cubeia.firebase.server.service.ServiceRegisytryHandle$2.wrapInvocation(ServiceRegisytryHandle.java:270)
	at com.cubeia.firebase.server.util.JndiWrappingInvocationHandler.invoke(JndiWrappingInvocationHandler.java:42)
	at $Proxy0.init(Unknown Source)
	at com.cubeia.firebase.server.service.ServiceRegisytryHandle.initService(ServiceRegisytryHandle.java:197)
	at com.cubeia.firebase.server.service.ServiceRegisytryHandle.init(ServiceRegisytryHandle.java:131)
	at com.cubeia.firebase.server.service.DefaultServiceRegistry.initSelectedServices(DefaultServiceRegistry.java:714)
	at com.cubeia.firebase.server.service.DefaultServiceRegistry.initTrustedServices(DefaultServiceRegistry.java:692)
	at com.cubeia.firebase.server.service.DefaultServiceRegistry.initServices(DefaultServiceRegistry.java:687)
	at com.cubeia.firebase.server.service.DefaultServiceRegistry.doInit(DefaultServiceRegistry.java:484)
	at com.cubeia.firebase.server.service.DefaultServiceRegistry.init(DefaultServiceRegistry.java:118)
	at com.cubeia.firebase.server.instance.ServerInstance.initAndStartRegistry(ServerInstance.java:743)
	at com.cubeia.firebase.server.instance.ServerInstance.initServices(ServerInstance.java:676)
	at com.cubeia.firebase.server.instance.ServerInstance.init(ServerInstance.java:259)
	at sun.reflect.NativeMethodAccessorImpl.invoke0(Native Method)
	at sun.reflect.NativeMethodAccessorImpl.invoke(Unknown Source)
	at sun.reflect.DelegatingMethodAccessorImpl.invoke(Unknown Source)
	at java.lang.reflect.Method.invoke(Unknown Source)
	at com.game.server.bootstrap.Server.initServer(Server.java:493)
	at com.game.server.bootstrap.Server.start(Server.java:166)
	at com.game.server.bootstrap.Server.init(Server.java:148)
	at com.game.server.bootstrap.Server.main(Server.java:102)
